spam_email_count:  44
ham_email_count:  56
spam_word_count:  18283
ham_word_count:  13205
spam_prior:  -0.82098055207
ham_prior:  -0.579818495253
0001.1999-12-10.farmer        		HAM		HAM
0001.1999-12-10.kaminski      		HAM		HAM
0001.2000-01-17.beck          		HAM		HAM
0001.2000-06-06.lokay         		HAM		HAM
0001.2001-02-07.kitchen       		HAM		HAM
0001.2001-04-02.williams      		HAM		HAM
0002.1999-12-13.farmer        		HAM		HAM
0002.2001-02-07.kitchen       		HAM		HAM
0002.2001-05-25.sa_and_hp     		SPAM		HAM
0002.2003-12-18.gp            		SPAM		HAM
0002.2004-08-01.bg            		SPAM		SPAM
0003.1999-12-10.kaminski      		HAM		HAM
0003.1999-12-14.farmer        		HAM		HAM
0003.2000-01-17.beck          		HAM		HAM
0003.2001-02-08.kitchen       		HAM		HAM
0003.2003-12-18.gp            		SPAM		HAM
0003.2004-08-01.bg            		SPAM		HAM
0004.1999-12-10.kaminski      		HAM		SPAM
0004.1999-12-14.farmer        		HAM		HAM
0004.2001-04-02.williams      		HAM		HAM
0004.2001-06-12.sa_and_hp     		SPAM		HAM
0004.2004-08-01.bg            		SPAM		HAM
0005.1999-12-12.kaminski      		HAM		SPAM
0005.1999-12-14.farmer        		HAM		HAM
0005.2000-06-06.lokay         		HAM		HAM
0005.2001-02-08.kitchen       		HAM		HAM
0005.2001-06-23.sa_and_hp     		SPAM		HAM
0005.2003-12-18.gp            		SPAM		HAM
0006.1999-12-13.kaminski      		HAM		HAM
0006.2001-02-08.kitchen       		HAM		HAM
0006.2001-04-03.williams      		HAM		HAM
0006.2001-06-25.sa_and_hp     		SPAM		HAM
0006.2003-12-18.gp            		SPAM		HAM
0006.2004-08-01.bg            		SPAM		HAM
0007.1999-12-13.kaminski      		HAM		HAM
0007.1999-12-14.farmer        		HAM		HAM
0007.2000-01-17.beck          		HAM		HAM
0007.2001-02-09.kitchen       		HAM		HAM
0007.2003-12-18.gp            		SPAM		HAM
0007.2004-08-01.bg            		SPAM		HAM
0008.2001-02-09.kitchen       		HAM		HAM
0008.2001-06-12.sa_and_hp     		SPAM		HAM
0008.2001-06-25.sa_and_hp     		SPAM		HAM
0008.2003-12-18.gp            		SPAM		HAM
0008.2004-08-01.bg            		SPAM		HAM
0009.1999-12-13.kaminski      		HAM		HAM
0009.1999-12-14.farmer        		HAM		HAM
0009.2000-06-07.lokay         		HAM		HAM
0009.2001-02-09.kitchen       		HAM		HAM
0009.2001-06-26.sa_and_hp     		SPAM		HAM
0009.2003-12-18.gp            		SPAM		SPAM
0010.1999-12-14.farmer        		HAM		HAM
0010.1999-12-14.kaminski      		HAM		HAM
0010.2001-02-09.kitchen       		HAM		HAM
0010.2001-06-28.sa_and_hp     		SPAM		SPAM
0010.2003-12-18.gp            		SPAM		HAM
0010.2004-08-01.bg            		SPAM		HAM
0011.1999-12-14.farmer        		HAM		HAM
0011.2001-06-28.sa_and_hp     		SPAM		SPAM
0011.2001-06-29.sa_and_hp     		SPAM		HAM
0011.2003-12-18.gp            		SPAM		HAM
0011.2004-08-01.bg            		SPAM		HAM
0012.1999-12-14.farmer        		HAM		HAM
0012.1999-12-14.kaminski      		HAM		HAM
0012.2000-01-17.beck          		HAM		HAM
0012.2000-06-08.lokay         		HAM		HAM
0012.2001-02-09.kitchen       		HAM		HAM
0012.2003-12-19.gp            		SPAM		HAM
0013.1999-12-14.farmer        		HAM		HAM
0013.1999-12-14.kaminski      		HAM		HAM
0013.2001-04-03.williams      		HAM		HAM
0013.2001-06-30.sa_and_hp     		SPAM		HAM
0013.2004-08-01.bg            		SPAM		SPAM
0014.1999-12-14.kaminski      		HAM		HAM
0014.1999-12-15.farmer        		HAM		HAM
0014.2001-02-12.kitchen       		HAM		HAM
0014.2001-07-04.sa_and_hp     		SPAM		HAM
0014.2003-12-19.gp            		SPAM		HAM
0014.2004-08-01.bg            		SPAM		HAM
0015.1999-12-14.kaminski      		HAM		HAM
0015.1999-12-15.farmer        		HAM		HAM
0015.2000-06-09.lokay         		HAM		HAM
0015.2001-02-12.kitchen       		HAM		HAM
0015.2001-07-05.sa_and_hp     		SPAM		HAM
0015.2003-12-19.gp            		SPAM		HAM
0016.1999-12-15.farmer        		HAM		HAM
0016.2001-02-12.kitchen       		HAM		HAM
0016.2001-07-05.sa_and_hp     		SPAM		HAM
0016.2001-07-06.sa_and_hp     		SPAM		HAM
0016.2003-12-19.gp            		SPAM		SPAM
0016.2004-08-01.bg            		SPAM		HAM
0017.1999-12-14.kaminski      		HAM		HAM
0017.2000-01-17.beck          		HAM		HAM
0017.2001-04-03.williams      		HAM		HAM
0017.2003-12-18.gp            		SPAM		HAM
0017.2004-08-01.bg            		SPAM		SPAM
0017.2004-08-02.bg            		SPAM		HAM
0018.1999-12-14.kaminski      		HAM		HAM
0018.2001-07-13.sa_and_hp     		SPAM		SPAM
0018.2003-12-18.gp            		SPAM		SPAM
-----------------------
Accuracy: 63.0%
